TN:
SF:/home/laumonceri/stm32-baremetal-drivers/drivers/gpio/src/gpio.c
FN:102,105,GPIO_setOSPEED
FN:107,110,GPIO_setPUPD
FN:112,122,GPIO_setAF
FN:124,147,GPIO_ConfigPin
FN:149,171,GPIO_WritePin
FN:173,187,GPIO_ReadPin
FN:32,54,gpio_validate_and_get_base
FN:56,89,GPIO_pin_cfg_init
FN:8,29,GPIO_GetBaseAddress
FN:92,95,GPIO_setMode
FN:97,100,GPIO_setOTYPE
FNDA:2,GPIO_setOSPEED
FNDA:2,GPIO_setPUPD
FNDA:2,GPIO_setAF
FNDA:6,GPIO_ConfigPin
FNDA:4,GPIO_WritePin
FNDA:5,GPIO_ReadPin
FNDA:15,gpio_validate_and_get_base
FNDA:15,GPIO_pin_cfg_init
FNDA:8,GPIO_GetBaseAddress
FNDA:2,GPIO_setMode
FNDA:2,GPIO_setOTYPE
FNF:11
FNH:11
DA:8,8
DA:9,8
DA:10,1
DA:11,1
DA:12,1
DA:13,1
DA:14,1
DA:15,1
DA:16,1
DA:17,1
DA:18,1
DA:19,1
DA:20,1
DA:21,1
DA:22,1
DA:23,1
DA:24,1
DA:25,1
DA:26,0
DA:27,0
DA:32,15
DA:34,15
DA:35,3
DA:37,12
DA:38,1
DA:40,11
DA:41,1
DA:43,10
DA:44,1
DA:46,9
DA:47,9
DA:48,0
DA:50,9
DA:51,9
DA:53,9
DA:56,15
DA:59,15
DA:60,1
DA:64,14
DA:65,2
DA:67,12
DA:68,2
DA:70,10
DA:71,2
DA:75,8
DA:76,8
DA:77,0
DA:80,8
DA:81,8
DA:82,8
DA:83,8
DA:84,8
DA:85,8
DA:86,8
DA:88,8
DA:92,2
DA:93,2
DA:94,2
DA:95,2
DA:97,2
DA:98,2
DA:99,2
DA:100,2
DA:102,2
DA:103,2
DA:104,2
DA:105,2
DA:107,2
DA:108,2
DA:109,2
DA:110,2
DA:112,2
DA:113,2
DA:114,2
DA:115,1
DA:116,1
DA:118,1
DA:119,1
DA:120,1
DA:122,2
DA:124,6
DA:126,6
DA:127,6
DA:128,4
DA:132,2
DA:137,2
DA:138,2
DA:141,2
DA:142,2
DA:143,2
DA:144,2
DA:146,2
DA:149,4
DA:151,4
DA:152,4
DA:153,1
DA:156,3
DA:158,3
DA:159,1
DA:160,1
DA:161,1
DA:162,1
DA:163,1
DA:164,1
DA:165,1
DA:166,1
DA:167,1
DA:170,3
DA:173,5
DA:175,5
DA:176,5
DA:177,1
DA:180,4
DA:181,1
DA:184,3
DA:185,3
DA:186,3
LF:117
LH:113
end_of_record
TN:
SF:/home/laumonceri/stm32-baremetal-drivers/tests/mmio_stub.c
FN:21,25,mmio_reset
FN:27,29,RCC_EnableAHB2
FN:7,19,mmio_ptr
FNDA:4,mmio_reset
FNDA:2,RCC_EnableAHB2
FNDA:36,mmio_ptr
FNF:3
FNH:3
DA:7,36
DA:8,36
DA:9,36
DA:11,0
DA:13,36
DA:14,36
DA:16,0
DA:18,36
DA:21,4
DA:22,8196
DA:23,8192
DA:25,4
DA:27,2
DA:29,2
LF:14
LH:12
end_of_record
TN:
SF:/home/laumonceri/stm32-baremetal-drivers/tests/test_gpio.c
FN:10,69,test_gpio_pin_cfg_init
FN:121,147,test_gpio_writepin
FN:149,183,test_gpio_readpin
FN:185,193,main
FN:71,119,test_gpio_configpin
FNDA:1,test_gpio_pin_cfg_init
FNDA:1,test_gpio_writepin
FNDA:1,test_gpio_readpin
FNDA:1,main
FNDA:1,test_gpio_configpin
FNF:5
FNH:5
DA:10,1
DA:12,1
DA:14,1
DA:21,1
DA:25,1
DA:31,1
DA:35,1
DA:41,1
DA:45,1
DA:62,9
DA:63,8
DA:67,8
DA:69,1
DA:71,1
DA:73,1
DA:76,1
DA:79,1
DA:89,1
DA:92,1
DA:93,1
DA:94,1
DA:97,1
DA:98,1
DA:99,1
DA:100,1
DA:103,1
DA:104,1
DA:106,1
DA:107,1
DA:108,1
DA:109,1
DA:110,1
DA:113,1
DA:114,1
DA:115,1
DA:117,1
DA:118,1
DA:119,1
DA:121,1
DA:123,1
DA:125,1
DA:127,1
DA:139,1
DA:141,1
DA:142,1
DA:144,1
DA:145,1
DA:147,1
DA:149,1
DA:151,1
DA:154,1
DA:156,1
DA:167,1
DA:170,1
DA:171,1
DA:172,1
DA:175,1
DA:176,1
DA:177,1
DA:180,1
DA:181,1
DA:182,1
DA:183,1
DA:185,1
DA:186,1
DA:192,1
LF:66
LH:66
end_of_record
